    5	4000	COPY   START  0	
   10	4000	FIRST  STL    RETADR	174030
   15	4003	       LDB    #LENGTH	694000
   20		       BASE   LENGTH	
   25	4006	CLOOP  +JSUB  RDREC	4B101036
   30	400A	       LDA    LENGTH	034000
   35	400D	       COMP   #0	290000
   40	4010	       JEQ    ENDFIL	334FE7
   45	4013	       +JSUB  WRREC	4B10105D
   50	4017	       J      CLOOP	3F4FD3
   55	401A	ENDFIL LDA    EOF	034FFA
   60	401D	       STA    BUFFER	0F4003
   65	4020	       LDA    #3	010003
   70	4023	       STA    LENGTH	0F4000
   75	4026	       +JSUB  WRREC	4B10105D
   80	402A	       J      @RETADR	3E4FFD
   85	402D	EOF    BYTE   C'EOF'	454F46
   90	4030	RETADR RESW   1	
   95	4033	LENGTH RESW   1	
  100	4036	BUFFER RESB   4096	
  105	.
  110	.      SUBROUTINE TO READ RECORD INTO BUFFER
  115	.
  120	5036	RDREC  CLEAR  X	B410
  125	5038	       CLEAR  A	B400
  130	503A	       CLEAR  S	B440
  135	503C	       +LDT   #4096	75101000
  140	5040	RLOOP  TD     INPUT	E34029
  145	5043	       JEQ    RLOOP	33400D
  150	5046	       RD     INPUT	DB4029
  155	5049	       COMPR  A, S	A004
  160	504B	       JEQ    EXIT	334023
  165	504E	       STCH   BUFFER, X	57C003
  170	5051	       TIXR   T	B850
  175	5053	       JLT    RLOOP	3B400D
  180	5056	EXIT   STX    LENGTH	134000
  185	5059	       RSUB	4F0000
  190	505C	INPUT  BYTE   X'F1'	F1
  195	.
  200	.      SUBROUTINE TO WRITE RECORD FROM BUFFER
  205	.
  210	505D	WRREC  CLEAR  X	B410
  215	505F	       LDT    LENGTH	774000
  220	5062	WLOOP  TD     OUTPUT	E34043
  225	5065	       JEQ    WLOOP	33402F
  230	5068	       LDCH   BUFFER, X	53C003
  235	506B	       WD     OUTPUT	DF4043
  240	506E	       TIXR   T	B850
  245	5070	       JLT    WLOOP	3B402F
  250	5073	       RSUB	4F0000
  255	5076	OUTPUT BYTE   X'05'	05
  260		       END    FIRST	